[2026-02-07 17:20:55] === Starting Complete De-obfuscation ===
[2026-02-07 17:20:55] Root directory: /home/runner/work/websitenew/websitenew
[2026-02-07 17:20:55] FIXED: /home/runner/work/websitenew/websitenew/staffcp/magic_quotes_off.php
[2026-02-07 17:20:55] FIXED: /home/runner/work/websitenew/websitenew/staffcp/admin_login.php
[2026-02-07 17:20:55] FIXED: /home/runner/work/websitenew/websitenew/staffcp/check_tool.php
[2026-02-07 17:20:55] FIXED: /home/runner/work/websitenew/websitenew/staffcp/ts_db_connect.php
[2026-02-07 17:20:55] FIXED: /home/runner/work/websitenew/websitenew/staffcp/tools/tweak_tracker.php
[2026-02-07 17:20:55] FIXED: /home/runner/work/websitenew/websitenew/staffcp/tools/hit_and_run.php
[2026-02-07 17:20:55] FIXED: /home/runner/work/websitenew/websitenew/staffcp/tools/bonus_gift.php
[2026-02-07 17:20:55] FIXED: /home/runner/work/websitenew/websitenew/staffcp/tools/duplicate_ips.php
[2026-02-07 17:20:55] FIXED: /home/runner/work/websitenew/websitenew/staffcp/tools/server_info.php
[2026-02-07 17:20:55] FIXED: /home/runner/work/websitenew/websitenew/staffcp/tools/twitter.php
[2026-02-07 17:20:55] FIXED: /home/runner/work/websitenew/websitenew/staffcp/tools/manage_applications.php
[2026-02-07 17:20:55] FIXED: /home/runner/work/websitenew/websitenew/staffcp/tools/nuke_torrent.php
[2026-02-07 17:20:55] FIXED: /home/runner/work/websitenew/websitenew/staffcp/tools/forums.php
[2026-02-07 17:20:55] FIXED: /home/runner/work/websitenew/websitenew/staffcp/tools/reset_passkey.php
[2026-02-07 17:20:55] FIXED: /home/runner/work/websitenew/websitenew/staffcp/tools/calculator.php
[2026-02-07 17:20:55] FIXED: /home/runner/work/websitenew/websitenew/staffcp/tools/manage_reports.php
[2026-02-07 17:20:55] FIXED: /home/runner/work/websitenew/websitenew/staffcp/tools/manage_countries.php
[2026-02-07 17:20:55] FIXED: /home/runner/work/websitenew/websitenew/staffcp/tools/stats.php
[2026-02-07 17:20:55] FIXED: /home/runner/work/websitenew/websitenew/staffcp/tools/restore_database.php
[2026-02-07 17:20:55] FIXED: /home/runner/work/websitenew/websitenew/staffcp/tools/mass_pm.php
[2026-02-07 17:20:55] FIXED: /home/runner/work/websitenew/websitenew/staffcp/tools/staff_messages.php
[2026-02-07 17:20:55] FIXED: /home/runner/work/websitenew/websitenew/staffcp/tools/unban_user.php
[2026-02-07 17:20:55] FIXED: /home/runner/work/websitenew/websitenew/staffcp/tools/performance_mode.php
[2026-02-07 17:20:55] FIXED: /home/runner/work/websitenew/websitenew/staffcp/tools/payment_api_manager.php
[2026-02-07 17:20:55] FIXED: /home/runner/work/websitenew/websitenew/staffcp/tools/torrent_info.php
[2026-02-07 17:20:55] FIXED: /home/runner/work/websitenew/websitenew/staffcp/tools/banned_users.php
[2026-02-07 17:20:55] FIXED: /home/runner/work/websitenew/websitenew/staffcp/tools/invite_tree.php
[2026-02-07 17:20:55] FIXED: /home/runner/work/websitenew/websitenew/staffcp/tools/manage_torrent_categories.php
[2026-02-07 17:20:55] FIXED: /home/runner/work/websitenew/websitenew/staffcp/tools/sent_invite.php
[2026-02-07 17:20:55] FIXED: /home/runner/work/websitenew/websitenew/staffcp/tools/manage_database.php
[2026-02-07 17:20:55] FIXED: /home/runner/work/websitenew/websitenew/staffcp/tools/fix_hash.php
[2026-02-07 17:20:55] FIXED: /home/runner/work/websitenew/websitenew/staffcp/tools/manage_awards.php
[2026-02-07 17:20:55] FIXED: /home/runner/work/websitenew/websitenew/staffcp/tools/sent_mail.php
[2026-02-07 17:20:55] FIXED: /home/runner/work/websitenew/websitenew/staffcp/tools/manage_visitor_comments.php
[2026-02-07 17:20:55] FIXED: /home/runner/work/websitenew/websitenew/staffcp/tools/manage_category.php
[2026-02-07 17:20:55] FIXED: /home/runner/work/websitenew/websitenew/staffcp/tools/cache.php
[2026-02-07 17:20:55] FIXED: /home/runner/work/websitenew/websitenew/staffcp/tools/ban_user.php
[2026-02-07 17:20:55] FIXED: /home/runner/work/websitenew/websitenew/staffcp/tools/add_user.php
[2026-02-07 17:20:55] FIXED: /home/runner/work/websitenew/websitenew/staffcp/tools/delete_torrent.php
[2026-02-07 17:20:55] FIXED: /home/runner/work/websitenew/websitenew/staffcp/tools/new_tool.php
[2026-02-07 17:20:55] FIXED: /home/runner/work/websitenew/websitenew/staffcp/tools/smilies.php
[2026-02-07 17:20:55] FIXED: /home/runner/work/websitenew/websitenew/staffcp/tools/plugins.php
[2026-02-07 17:20:55] FIXED: /home/runner/work/websitenew/websitenew/staffcp/tools/warned_users.php
[2026-02-07 17:20:55] FIXED: /home/runner/work/websitenew/websitenew/staffcp/tools/manage_announcements.php
[2026-02-07 17:20:55] FIXED: /home/runner/work/websitenew/websitenew/staffcp/tools/search_user.php
[2026-02-07 17:20:55] FIXED: /home/runner/work/websitenew/websitenew/staffcp/tools/manage_comments.php
[2026-02-07 17:20:55] FIXED: /home/runner/work/websitenew/websitenew/staffcp/tools/mass_invite.php
[2026-02-07 17:20:55] FIXED: /home/runner/work/websitenew/websitenew/staffcp/tools/manage_album_comments.php
[2026-02-07 17:20:55] FIXED: /home/runner/work/websitenew/websitenew/staffcp/tools/promotions.php
[2026-02-07 17:20:55] FIXED: /home/runner/work/websitenew/websitenew/staffcp/tools/manage_cronjobs.php
[2026-02-07 17:20:55] FIXED: /home/runner/work/websitenew/websitenew/staffcp/tools/search_ip.php
[2026-02-07 17:20:55] FIXED: /home/runner/work/websitenew/websitenew/staffcp/tools/search_passkey.php
[2026-02-07 17:20:55] FIXED: /home/runner/work/websitenew/websitenew/staffcp/tools/usergroups.php
[2026-02-07 17:20:55] FIXED: /home/runner/work/websitenew/websitenew/staffcp/tools/manage_rules.php
[2026-02-07 17:20:55] FIXED: /home/runner/work/websitenew/websitenew/staffcp/tools/themes.php
[2026-02-07 17:20:55] FIXED: /home/runner/work/websitenew/websitenew/staffcp/tools/manage_faq.php
[2026-02-07 17:20:55] FIXED: /home/runner/work/websitenew/websitenew/staffcp/tools/announce_actions.php
[2026-02-07 17:20:55] FIXED: /home/runner/work/websitenew/websitenew/staffcp/tools/share_torrent.php
[2026-02-07 17:20:55] FIXED: /home/runner/work/websitenew/websitenew/staffcp/tools/donor_list.php
[2026-02-07 17:20:55] FIXED: /home/runner/work/websitenew/websitenew/staffcp/tools/referrer_list.php
[2026-02-07 17:20:55] FIXED: /home/runner/work/websitenew/websitenew/staffcp/tools/iptocountry.php
[2026-02-07 17:20:55] FIXED: /home/runner/work/websitenew/websitenew/staffcp/tools/upload_gift.php
[2026-02-07 17:20:55] FIXED: /home/runner/work/websitenew/websitenew/staffcp/tools/update_torrents.php
[2026-02-07 17:20:55] FIXED: /home/runner/work/websitenew/websitenew/staffcp/tools/ip_info.php
[2026-02-07 17:20:55] FIXED: /home/runner/work/websitenew/websitenew/staffcp/tools/email_bans.php
[2026-02-07 17:20:55] FIXED: /home/runner/work/websitenew/websitenew/staffcp/tools/directory_listing.php
[2026-02-07 17:20:55] FIXED: /home/runner/work/websitenew/websitenew/staffcp/tools/latest_news.php
[2026-02-07 17:20:55] FIXED: /home/runner/work/websitenew/websitenew/staffcp/tools/reset_password.php
[2026-02-07 17:20:55] FIXED: /home/runner/work/websitenew/websitenew/staffcp/tools/edit_user.php
[2026-02-07 17:20:55] FIXED: /home/runner/work/websitenew/websitenew/staffcp/tools/manage_settings.php
[2026-02-07 17:20:55] FIXED: /home/runner/work/websitenew/websitenew/staffcp/tools/check_ip.php
[2026-02-07 17:20:55] FIXED: /home/runner/work/websitenew/websitenew/staffcp/tools/read_pms.php
[2026-02-07 17:20:55] FIXED: /home/runner/work/websitenew/websitenew/staffcp/tools/delete_user.php
[2026-02-07 17:20:55] FIXED: /home/runner/work/websitenew/websitenew/staffcp/tools/manage_avatars.php
[2026-02-07 17:20:55] FIXED: /home/runner/work/websitenew/websitenew/staffcp/tools/cheat_attempts.php
[2026-02-07 17:20:55] FIXED: /home/runner/work/websitenew/websitenew/staffcp/tools/setup_pincode.php
[2026-02-07 17:20:55] FIXED: /home/runner/work/websitenew/websitenew/staffcp/tools/warn_user.php
[2026-02-07 17:20:55] FIXED: /home/runner/work/websitenew/websitenew/staffcp/tools/version_check.php
[2026-02-07 17:20:55] FIXED: /home/runner/work/websitenew/websitenew/staffcp/tools/manage_bonus.php
[2026-02-07 17:20:55] FIXED: /home/runner/work/websitenew/websitenew/staffcp/tools/update_forum_stats.php
[2026-02-07 17:20:55] FIXED: /home/runner/work/websitenew/websitenew/staffcp/tools/show_logs.php
[2026-02-07 17:20:55] FIXED: /home/runner/work/websitenew/websitenew/staffcp/tools/manage_games_categories.php
[2026-02-07 17:20:55] FIXED: /home/runner/work/websitenew/websitenew/staffcp/tools/manage_tools.php
[2026-02-07 17:20:55] FIXED: /home/runner/work/websitenew/websitenew/staffcp/tools/advertising.php
[2026-02-07 17:20:55] FIXED: /home/runner/work/websitenew/websitenew/staffcp/tools/new_category.php
[2026-02-07 17:20:55] FIXED: /home/runner/work/websitenew/websitenew/staffcp/tools/unconfirmed_users.php
[2026-02-07 17:20:55] FIXED: /home/runner/work/websitenew/websitenew/staffcp/tools/manage_menu.php
[2026-02-07 17:20:55] FIXED: /home/runner/work/websitenew/websitenew/staffcp/tools/unban_ip_requests.php
[2026-02-07 17:20:55] FIXED: /home/runner/work/websitenew/websitenew/staffcp/tools/manage_news.php
[2026-02-07 17:20:55] FIXED: /home/runner/work/websitenew/websitenew/staffcp/tools/stats_center.php
[2026-02-07 17:20:55] FIXED: /home/runner/work/websitenew/websitenew/staffcp/tools/manage_torrents.php
[2026-02-07 17:20:55] FIXED: /home/runner/work/websitenew/websitenew/staffcp/tools/remove_warn.php
[2026-02-07 17:20:55] FIXED: /home/runner/work/websitenew/websitenew/staffcp/tools/download_gift.php
[2026-02-07 17:20:55] FIXED: /home/runner/work/websitenew/websitenew/staffcp/tools/create_page.php
[2026-02-07 17:20:55] FIXED: /home/runner/work/websitenew/websitenew/staffcp/tools/view_peers.php
[2026-02-07 17:20:55] FIXED: /home/runner/work/websitenew/websitenew/staffcp/tools/subscription_manager.php
[2026-02-07 17:20:55] FIXED: /home/runner/work/websitenew/websitenew/staffcp/tools/unconnectable_peers.php
[2026-02-07 17:20:55] FIXED: /home/runner/work/websitenew/websitenew/staffcp/tools/invite_gift.php
[2026-02-07 17:20:55] FIXED: /home/runner/work/websitenew/websitenew/staffcp/tools/ranks.php
[2026-02-07 17:20:55] FIXED: /home/runner/work/websitenew/websitenew/staffcp/tools/manage_games.php
[2026-02-07 17:20:55] FIXED: /home/runner/work/websitenew/websitenew/staffcp/tools/who_is_online.php
[2026-02-07 17:20:55] FIXED: /home/runner/work/websitenew/websitenew/staffcp/tools/rss_feed_manager.php
[2026-02-07 17:20:55] FIXED: /home/runner/work/websitenew/websitenew/staffcp/tools/manage_polls.php
[2026-02-07 17:20:55] FIXED: /home/runner/work/websitenew/websitenew/staffcp/tools/tracker_logs.php
[2026-02-07 17:20:55] FIXED: /home/runner/work/websitenew/websitenew/staffcp/tools/all_agents.php
[2026-02-07 17:20:55] FIXED: /home/runner/work/websitenew/websitenew/staffcp/tools/manage_staff_team.php
[2026-02-07 17:20:55] FIXED: /home/runner/work/websitenew/websitenew/staffcp/tools/uploader_inactivity.php
[2026-02-07 17:20:55] FIXED: /home/runner/work/websitenew/websitenew/staffcp/tools/ip_bans.php
[2026-02-07 17:20:55] FIXED: /home/runner/work/websitenew/websitenew/staffcp/tools/manage_events.php
[2026-02-07 17:20:55] FIXED: /home/runner/work/websitenew/websitenew/staffcp/tools/manage_inactive_users.php
[2026-02-07 17:20:55] FIXED: /home/runner/work/websitenew/websitenew/staffcp/tools/traceroute_ip.php
[2026-02-07 17:20:55] FIXED: /home/runner/work/websitenew/websitenew/staffcp/class/class.upload.php
[2026-02-07 17:20:56] FIXED: /home/runner/work/websitenew/websitenew/staffcp/index.php
[2026-02-07 17:20:56] FIXED: /home/runner/work/websitenew/websitenew/staffcp/save_stats.php
[2026-02-07 17:20:56] FIXED: /home/runner/work/websitenew/websitenew/fb-shoutbox-members-in-chat.php
[2026-02-07 17:20:56] FIXED: /home/runner/work/websitenew/websitenew/ts_blog.php
[2026-02-07 17:20:56] FIXED: /home/runner/work/websitenew/websitenew/browse.php
[2026-02-07 17:20:56] FIXED: /home/runner/work/websitenew/websitenew/bookmarks.php
[2026-02-07 17:20:56] FIXED: /home/runner/work/websitenew/websitenew/ts_rate.php
[2026-02-07 17:20:56] FIXED: /home/runner/work/websitenew/websitenew/uploaderform.php
[2026-02-07 17:20:56] FIXED: /home/runner/work/websitenew/websitenew/rss.php
[2026-02-07 17:20:56] FIXED: /home/runner/work/websitenew/websitenew/ts_ajax9.php
[2026-02-07 17:20:56] FIXED: /home/runner/work/websitenew/websitenew/download.php
[2026-02-07 17:20:56] FIXED: /home/runner/work/websitenew/websitenew/delete.php
[2026-02-07 17:20:56] FIXED: /home/runner/work/websitenew/websitenew/stats.php
[2026-02-07 17:20:56] FIXED: /home/runner/work/websitenew/websitenew/ts_query_explain.php
[2026-02-07 17:20:56] FIXED: /home/runner/work/websitenew/websitenew/takethanks.php
[2026-02-07 17:20:56] FIXED: /home/runner/work/websitenew/websitenew/announce.php
[2026-02-07 17:20:56] FIXED: /home/runner/work/websitenew/websitenew/ts_albums.php
[2026-02-07 17:20:56] FIXED: /home/runner/work/websitenew/websitenew/ts_lottery.php
[2026-02-07 17:20:56] FIXED: /home/runner/work/websitenew/websitenew/useragreement.php
[2026-02-07 17:20:56] FIXED: /home/runner/work/websitenew/websitenew/ts_allpolls.php
[2026-02-07 17:20:56] FIXED: /home/runner/work/websitenew/websitenew/ts_tags.php
[2026-02-07 17:20:56] FIXED: /home/runner/work/websitenew/websitenew/set_language.php
[2026-02-07 17:20:56] FIXED: /home/runner/work/websitenew/websitenew/friends.php
[2026-02-07 17:20:56] FIXED: /home/runner/work/websitenew/websitenew/scripts/pbar/ts_donation_status.php
[2026-02-07 17:20:56] FIXED: /home/runner/work/websitenew/websitenew/scripts/autocomplete/query.php
[2026-02-07 17:20:56] FIXED: /home/runner/work/websitenew/websitenew/ts_watch_list.php
[2026-02-07 17:20:56] FIXED: /home/runner/work/websitenew/websitenew/confirm.php
[2026-02-07 17:20:56] FIXED: /home/runner/work/websitenew/websitenew/ff.php
[2026-02-07 17:20:56] FIXED: /home/runner/work/websitenew/websitenew/donate.php
[2026-02-07 17:20:56] FIXED: /home/runner/work/websitenew/websitenew/redirector.php
[2026-02-07 17:20:56] FIXED: /home/runner/work/websitenew/websitenew/ts_tutorials.php
[2026-02-07 17:20:56] FIXED: /home/runner/work/websitenew/websitenew/listen.php
[2026-02-07 17:20:56] FIXED: /home/runner/work/websitenew/websitenew/ts_get_trailer.php
[2026-02-07 17:20:56] FIXED: /home/runner/work/websitenew/websitenew/unbaniprequest.php
[2026-02-07 17:20:56] FIXED: /home/runner/work/websitenew/websitenew/badusers.php
[2026-02-07 17:20:56] FIXED: /home/runner/work/websitenew/websitenew/recoverhint.php
[2026-02-07 17:20:56] FIXED: /home/runner/work/websitenew/websitenew/recover.php
[2026-02-07 17:20:56] FIXED: /home/runner/work/websitenew/websitenew/sl.php
[2026-02-07 17:20:56] FIXED: /home/runner/work/websitenew/websitenew/videoformats.php
[2026-02-07 17:20:56] FIXED: /home/runner/work/websitenew/websitenew/links.php
[2026-02-07 17:20:56] FIXED: /home/runner/work/websitenew/websitenew/checkuser.php
[2026-02-07 17:20:56] FIXED: /home/runner/work/websitenew/websitenew/staff.php
[2026-02-07 17:20:56] FIXED: /home/runner/work/websitenew/websitenew/getrss.php
[2026-02-07 17:20:56] FIXED: /home/runner/work/websitenew/websitenew/messages.php
[2026-02-07 17:20:56] FIXED: /home/runner/work/websitenew/websitenew/global.php
[2026-02-07 17:20:56] FIXED: /home/runner/work/websitenew/websitenew/ts_ajax8.php
[2026-02-07 17:20:56] FIXED: /home/runner/work/websitenew/websitenew/upload.php
[2026-02-07 17:20:56] FIXED: /home/runner/work/websitenew/websitenew/report.php
[2026-02-07 17:20:56] FIXED: /home/runner/work/websitenew/websitenew/redirector_footer.php
[2026-02-07 17:20:56] FIXED: /home/runner/work/websitenew/websitenew/iv/iv.php
[2026-02-07 17:20:56] FIXED: /home/runner/work/websitenew/websitenew/iv/images/show_image.php
[2026-02-07 17:20:56] FIXED: /home/runner/work/websitenew/websitenew/invite.php
[2026-02-07 17:20:56] FIXED: /home/runner/work/websitenew/websitenew/preview.php
[2026-02-07 17:20:56] FIXED: /home/runner/work/websitenew/websitenew/ts_ajax10.php
[2026-02-07 17:20:56] FIXED: /home/runner/work/websitenew/websitenew/mysnatchlist.php
[2026-02-07 17:20:56] FIXED: /home/runner/work/websitenew/websitenew/tinymce.php
[2026-02-07 17:20:56] FIXED: /home/runner/work/websitenew/websitenew/logout.php
[2026-02-07 17:20:56] FIXED: /home/runner/work/websitenew/websitenew/torrentbar/torrentbar.php
[2026-02-07 17:20:56] FIXED: /home/runner/work/websitenew/websitenew/userdetails.php
[2026-02-07 17:20:56] FIXED: /home/runner/work/websitenew/websitenew/viewsnatches.php
[2026-02-07 17:20:56] FIXED: /home/runner/work/websitenew/websitenew/shoutcast/setup.php
[2026-02-07 17:20:56] FIXED: /home/runner/work/websitenew/websitenew/shoutcast/php/sock.exist.php
[2026-02-07 17:20:56] FIXED: /home/runner/work/websitenew/websitenew/shoutcast/dj.php
[2026-02-07 17:20:56] FIXED: /home/runner/work/websitenew/websitenew/shoutcast/dj_faq.php
[2026-02-07 17:20:56] FIXED: /home/runner/work/websitenew/websitenew/shoutcast/play.php
[2026-02-07 17:20:56] FIXED: /home/runner/work/websitenew/websitenew/shoutcast/index.php
[2026-02-07 17:20:56] FIXED: /home/runner/work/websitenew/websitenew/ts_shoutbox/ts_shoutbox.php
[2026-02-07 17:20:56] FIXED: /home/runner/work/websitenew/websitenew/ts_shoutbox/ts_save_shout.php
[2026-02-07 17:20:56] FIXED: /home/runner/work/websitenew/websitenew/ts_shoutbox/ts_get_shout.php
[2026-02-07 17:20:56] FIXED: /home/runner/work/websitenew/websitenew/ts_shoutbox/ts_check_pms.php
[2026-02-07 17:20:56] FIXED: /home/runner/work/websitenew/websitenew/ts_shoutbox/fb-shoutbox.php
[2026-02-07 17:20:56] FIXED: /home/runner/work/websitenew/websitenew/ts_shoutbox/ts_exec_command.php
[2026-02-07 17:20:56] FIXED: /home/runner/work/websitenew/websitenew/ts_shoutbox/ts_delete_shout.php
[2026-02-07 17:20:56] FIXED: /home/runner/work/websitenew/websitenew/ts_shoutbox/ts_update_shout.php
[2026-02-07 17:20:56] FIXED: /home/runner/work/websitenew/websitenew/ts_shoutbox/ts_post_shout.php
[2026-02-07 17:20:56] FIXED: /home/runner/work/websitenew/websitenew/ts_subtitles.php
[2026-02-07 17:20:56] FIXED: /home/runner/work/websitenew/websitenew/confirmemail.php
[2026-02-07 17:20:56] FIXED: /home/runner/work/websitenew/websitenew/details.php
[2026-02-07 17:20:56] FIXED: /home/runner/work/websitenew/websitenew/topten.php
[2026-02-07 17:20:56] FIXED: /home/runner/work/websitenew/websitenew/ts_ajax7.php
[2026-02-07 17:20:56] FIXED: /home/runner/work/websitenew/websitenew/cache/indexstats.php
[2026-02-07 17:20:56] FIXED: /home/runner/work/websitenew/websitenew/cache/menu_english.php
[2026-02-07 17:20:56] FIXED: /home/runner/work/websitenew/websitenew/style.php
[2026-02-07 17:20:56] FIXED: /home/runner/work/websitenew/websitenew/irc.php
[2026-02-07 17:20:56] FIXED: /home/runner/work/websitenew/websitenew/fb-shoutbox-load-smilies.php
[2026-02-07 17:20:56] FIXED: /home/runner/work/websitenew/websitenew/usercp.php
[2026-02-07 17:20:56] FIXED: /home/runner/work/websitenew/websitenew/contactstaff.php
[2026-02-07 17:20:56] FIXED: /home/runner/work/websitenew/websitenew/ts_applications.php
[2026-02-07 17:20:56] FIXED: /home/runner/work/websitenew/websitenew/poll.php
[2026-02-07 17:20:56] FIXED: /home/runner/work/websitenew/websitenew/ts_cron.php
[2026-02-07 17:20:56] FIXED: /home/runner/work/websitenew/websitenew/s_message.php
[2026-02-07 17:20:56] FIXED: /home/runner/work/websitenew/websitenew/install/install.php
[2026-02-07 17:20:56] FIXED: /home/runner/work/websitenew/websitenew/install/upgrade.php
[2026-02-07 17:20:56] FIXED: /home/runner/work/websitenew/websitenew/direct-download.php
[2026-02-07 17:20:56] FIXED: /home/runner/work/websitenew/websitenew/ts_image.php
[2026-02-07 17:20:56] FIXED: /home/runner/work/websitenew/websitenew/login.php
[2026-02-07 17:20:56] FIXED: /home/runner/work/websitenew/websitenew/pjirc/start_chat.php
[2026-02-07 17:20:56] FIXED: /home/runner/work/websitenew/websitenew/im.php
[2026-02-07 17:20:56] FIXED: /home/runner/work/websitenew/websitenew/ts_ajax4.php
[2026-02-07 17:20:56] FIXED: /home/runner/work/websitenew/websitenew/ts_social_groups.php
[2026-02-07 17:20:56] FIXED: /home/runner/work/websitenew/websitenew/takelogin.php
[2026-02-07 17:20:56] FIXED: /home/runner/work/websitenew/websitenew/ts_ajax.php
[2026-02-07 17:20:56] FIXED: /home/runner/work/websitenew/websitenew/contactus.php
[2026-02-07 17:20:56] FIXED: /home/runner/work/websitenew/websitenew/mybonus.php
[2026-02-07 17:20:56] FIXED: /home/runner/work/websitenew/websitenew/sendmessage.php
[2026-02-07 17:20:56] FIXED: /home/runner/work/websitenew/websitenew/viewrequests.php
[2026-02-07 17:20:56] FIXED: /home/runner/work/websitenew/websitenew/topBP.php
[2026-02-07 17:20:56] FIXED: /home/runner/work/websitenew/websitenew/takeflush.php
[2026-02-07 17:20:56] FIXED: /home/runner/work/websitenew/websitenew/tinymce_emotions.php
[2026-02-07 17:20:56] FIXED: /home/runner/work/websitenew/websitenew/update-plugin.php
[2026-02-07 17:20:56] FIXED: /home/runner/work/websitenew/websitenew/takereseed.php
[2026-02-07 17:20:56] FIXED: /home/runner/work/websitenew/websitenew/tsf_forums/editpost.php
[2026-02-07 17:20:56] FIXED: /home/runner/work/websitenew/websitenew/tsf_forums/syndication.php
[2026-02-07 17:20:56] FIXED: /home/runner/work/websitenew/websitenew/tsf_forums/massdelete.php
[2026-02-07 17:20:56] FIXED: /home/runner/work/websitenew/websitenew/tsf_forums/copyposts.php
[2026-02-07 17:20:56] FIXED: /home/runner/work/websitenew/websitenew/tsf_forums/approveposts.php
[2026-02-07 17:20:56] FIXED: /home/runner/work/websitenew/websitenew/tsf_forums/attachment.php
[2026-02-07 17:20:56] FIXED: /home/runner/work/websitenew/websitenew/tsf_forums/top_stats.php
[2026-02-07 17:20:56] FIXED: /home/runner/work/websitenew/websitenew/tsf_forums/misc.php
[2026-02-07 17:20:56] FIXED: /home/runner/work/websitenew/websitenew/tsf_forums/announcement.php
[2026-02-07 17:20:56] FIXED: /home/runner/work/websitenew/websitenew/tsf_forums/global.php
[2026-02-07 17:20:56] FIXED: /home/runner/work/websitenew/websitenew/tsf_forums/moderation.php
[2026-02-07 17:20:56] FIXED: /home/runner/work/websitenew/websitenew/tsf_forums/information.php
[2026-02-07 17:20:56] FIXED: /home/runner/work/websitenew/websitenew/tsf_forums/newreply.php
[2026-02-07 17:20:56] FIXED: /home/runner/work/websitenew/websitenew/tsf_forums/showthread.php
[2026-02-07 17:20:56] FIXED: /home/runner/work/websitenew/websitenew/tsf_forums/poll.php
[2026-02-07 17:20:56] FIXED: /home/runner/work/websitenew/websitenew/tsf_forums/tsf_ajax.php
[2026-02-07 17:20:56] FIXED: /home/runner/work/websitenew/websitenew/tsf_forums/newthread.php
[2026-02-07 17:20:56] FIXED: /home/runner/work/websitenew/websitenew/tsf_forums/tsf_search.php
[2026-02-07 17:20:56] FIXED: /home/runner/work/websitenew/websitenew/tsf_forums/forumdisplay.php
[2026-02-07 17:20:56] FIXED: /home/runner/work/websitenew/websitenew/tsf_forums/modtools.php
[2026-02-07 17:20:56] FIXED: /home/runner/work/websitenew/websitenew/tsf_forums/threadrate.php
[2026-02-07 17:20:56] FIXED: /home/runner/work/websitenew/websitenew/tsf_forums/index.php
[2026-02-07 17:20:56] FIXED: /home/runner/work/websitenew/websitenew/tsf_forums/include/function_bookmarks.php
[2026-02-07 17:20:56] FIXED: /home/runner/work/websitenew/websitenew/tsf_forums/include/tsf_functions.php
[2026-02-07 17:20:56] FIXED: /home/runner/work/websitenew/websitenew/tsf_forums/subscription.php
[2026-02-07 17:20:56] FIXED: /home/runner/work/websitenew/websitenew/tsf_forums/moveposts.php
[2026-02-07 17:20:56] FIXED: /home/runner/work/websitenew/websitenew/tsf_forums/deletepost.php
[2026-02-07 17:20:56] FIXED: /home/runner/work/websitenew/websitenew/tsf_forums/mergeposts.php
[2026-02-07 17:20:56] FIXED: /home/runner/work/websitenew/websitenew/users.php
[2026-02-07 17:20:56] FIXED: /home/runner/work/websitenew/websitenew/ts_ajax5.php
[2026-02-07 17:20:56] FIXED: /home/runner/work/websitenew/websitenew/ts_games/index.php
[2026-02-07 17:20:56] FIXED: /home/runner/work/websitenew/websitenew/referrals.php
[2026-02-07 17:20:56] FIXED: /home/runner/work/websitenew/websitenew/payment_gateway.php
[2026-02-07 17:20:56] FIXED: /home/runner/work/websitenew/websitenew/ts_error.php
[2026-02-07 17:20:56] FIXED: /home/runner/work/websitenew/websitenew/viewnfo.php
[2026-02-07 17:20:56] FIXED: /home/runner/work/websitenew/websitenew/index.php
[2026-02-07 17:20:56] FIXED: /home/runner/work/websitenew/websitenew/rules.php
[2026-02-07 17:20:56] FIXED: /home/runner/work/websitenew/websitenew/include/functions_deletetorrent.php
[2026-02-07 17:20:56] FIXED: /home/runner/work/websitenew/websitenew/include/languages/english/shoutcast.lang.php
[2026-02-07 17:20:56] FIXED: /home/runner/work/websitenew/websitenew/include/languages/english/viewsnatches.lang.php
[2026-02-07 17:20:56] FIXED: /home/runner/work/websitenew/websitenew/include/languages/english/comment.lang.php
[2026-02-07 17:20:56] FIXED: /home/runner/work/websitenew/websitenew/include/languages/english/userdetails.lang.php
[2026-02-07 17:20:56] FIXED: /home/runner/work/websitenew/websitenew/include/languages/english/recover.lang.php
[2026-02-07 17:20:56] FIXED: /home/runner/work/websitenew/websitenew/include/languages/english/download.lang.php
[2026-02-07 17:20:56] FIXED: /home/runner/work/websitenew/websitenew/include/languages/english/invite.lang.php
[2026-02-07 17:20:56] FIXED: /home/runner/work/websitenew/websitenew/include/languages/english/staff.lang.php
[2026-02-07 17:20:56] FIXED: /home/runner/work/websitenew/websitenew/include/languages/english/links.lang.php
[2026-02-07 17:20:56] FIXED: /home/runner/work/websitenew/websitenew/include/languages/english/cronjobs.lang.php
[2026-02-07 17:20:56] FIXED: /home/runner/work/websitenew/websitenew/include/languages/english/staff_announcements.lang.php
[2026-02-07 17:20:56] FIXED: /home/runner/work/websitenew/websitenew/include/languages/english/referrals.lang.php
[2026-02-07 17:20:56] FIXED: /home/runner/work/websitenew/websitenew/include/languages/english/ok.lang.php
[2026-02-07 17:20:56] FIXED: /home/runner/work/websitenew/websitenew/include/languages/english/ts_social_groups.lang.php
[2026-02-07 17:20:56] FIXED: /home/runner/work/websitenew/websitenew/include/languages/english/login.lang.php
[2026-02-07 17:20:56] FIXED: /home/runner/work/websitenew/websitenew/include/languages/english/editor.lang.php
[2026-02-07 17:20:56] FIXED: /home/runner/work/websitenew/websitenew/include/languages/english/badusers.lang.php
[2026-02-07 17:20:56] FIXED: /home/runner/work/websitenew/websitenew/include/languages/english/unbaniprequest.lang.php
[2026-02-07 17:20:56] FIXED: /home/runner/work/websitenew/websitenew/include/languages/english/details.lang.php
[2026-02-07 17:20:56] FIXED: /home/runner/work/websitenew/websitenew/include/languages/english/confirm.lang.php
[2026-02-07 17:20:56] FIXED: /home/runner/work/websitenew/websitenew/include/languages/english/shoutbox.lang.php
[2026-02-07 17:20:56] FIXED: /home/runner/work/websitenew/websitenew/include/languages/english/header.lang.php
[2026-02-07 17:20:56] FIXED: /home/runner/work/websitenew/websitenew/include/languages/english/scripts.lang.php
[2026-02-07 17:20:56] FIXED: /home/runner/work/websitenew/websitenew/include/languages/english/formats.lang.php
[2026-02-07 17:20:56] FIXED: /home/runner/work/websitenew/websitenew/include/languages/english/messages.lang.php
[2026-02-07 17:20:56] FIXED: /home/runner/work/websitenew/websitenew/include/languages/english/tsf_forums.lang.php
[2026-02-07 17:20:56] FIXED: /home/runner/work/websitenew/websitenew/include/languages/english/ff.lang.php
[2026-02-07 17:20:56] FIXED: /home/runner/work/websitenew/websitenew/include/languages/english/delete.lang.php
[2026-02-07 17:20:56] FIXED: /home/runner/work/websitenew/websitenew/include/languages/english/upload.lang.php
[2026-02-07 17:20:56] FIXED: /home/runner/work/websitenew/websitenew/include/languages/english/donate.lang.php
[2026-02-07 17:20:56] FIXED: /home/runner/work/websitenew/websitenew/include/languages/english/requests.lang.php
[2026-02-07 17:20:56] FIXED: /home/runner/work/websitenew/websitenew/include/languages/english/iv.lang.php
[2026-02-07 17:20:56] FIXED: /home/runner/work/websitenew/websitenew/include/languages/english/signup.lang.php
[2026-02-07 17:20:56] FIXED: /home/runner/work/websitenew/websitenew/include/languages/english/usercp.lang.php
[2026-02-07 17:20:56] FIXED: /home/runner/work/websitenew/websitenew/include/languages/english/im.lang.php
[2026-02-07 17:20:56] FIXED: /home/runner/work/websitenew/websitenew/include/languages/english/clear_ann.lang.php
[2026-02-07 17:20:56] FIXED: /home/runner/work/websitenew/websitenew/include/languages/english/irc.lang.php
[2026-02-07 17:20:56] FIXED: /home/runner/work/websitenew/websitenew/include/languages/english/port_check.lang.php
[2026-02-07 17:20:56] FIXED: /home/runner/work/websitenew/websitenew/include/languages/english/report.lang.php
[2026-02-07 17:20:56] FIXED: /home/runner/work/websitenew/websitenew/include/languages/english/global.lang.php
[2026-02-07 17:20:56] FIXED: /home/runner/work/websitenew/websitenew/include/languages/english/index.lang.php
[2026-02-07 17:20:56] FIXED: /home/runner/work/websitenew/websitenew/include/languages/english/contactstaff.lang.php
[2026-02-07 17:20:56] FIXED: /home/runner/work/websitenew/websitenew/include/functions_security.php
[2026-02-07 17:20:56] FIXED: /home/runner/work/websitenew/websitenew/include/class_ts_rating.php
[2026-02-07 17:20:56] FIXED: /home/runner/work/websitenew/websitenew/include/functions_mkprettytime.php
[2026-02-07 17:20:56] FIXED: /home/runner/work/websitenew/websitenew/include/class_ts_smtp.php
[2026-02-07 17:20:56] FIXED: /home/runner/work/websitenew/websitenew/include/unregistered.php
[2026-02-07 17:20:56] FIXED: /home/runner/work/websitenew/websitenew/include/functions_navigation.php
[2026-02-07 17:20:56] FIXED: /home/runner/work/websitenew/websitenew/include/functions_get_torrent_flags.php
[2026-02-07 17:20:56] FIXED: /home/runner/work/websitenew/websitenew/include/functions_category.php
[2026-02-07 17:20:56] FIXED: /home/runner/work/websitenew/websitenew/include/class_upload.php
[2026-02-07 17:20:56] FIXED: /home/runner/work/websitenew/websitenew/include/functions_verify_contact.php
[2026-02-07 17:20:56] FIXED: /home/runner/work/websitenew/websitenew/include/functions_ts_get_awards.php
[2026-02-07 17:20:56] FIXED: /home/runner/work/websitenew/websitenew/include/functions.php
[2026-02-07 17:20:56] FIXED: /home/runner/work/websitenew/websitenew/include/ts_custom_bbcode.php
[2026-02-07 17:20:56] FIXED: /home/runner/work/websitenew/websitenew/include/class_config.php
[2026-02-07 17:20:56] FIXED: /home/runner/work/websitenew/websitenew/include/functions_isipbanned.php
[2026-02-07 17:20:56] FIXED: /home/runner/work/websitenew/websitenew/include/functions_icons.php
[2026-02-07 17:20:56] FIXED: /home/runner/work/websitenew/websitenew/include/functions_login.php
[2026-02-07 17:20:56] FIXED: /home/runner/work/websitenew/websitenew/include/class_torrent.php
[2026-02-07 17:20:56] FIXED: /home/runner/work/websitenew/websitenew/include/functions_ratio.php
[2026-02-07 17:20:56] FIXED: /home/runner/work/websitenew/websitenew/include/functions_quick_editor.php
[2026-02-07 17:20:56] FIXED: /home/runner/work/websitenew/websitenew/include/ts_imdb.php
[2026-02-07 17:20:56] FIXED: /home/runner/work/websitenew/websitenew/include/functions_find_post.php
[2026-02-07 17:20:56] FIXED: /home/runner/work/websitenew/websitenew/include/ts_error_handler.php
[2026-02-07 17:20:56] FIXED: /home/runner/work/websitenew/websitenew/include/user_options.php
[2026-02-07 17:20:56] FIXED: /home/runner/work/websitenew/websitenew/include/functions_imdb_rating.php
[2026-02-07 17:20:56] FIXED: /home/runner/work/websitenew/websitenew/include/class_zip.php
[2026-02-07 17:20:56] FIXED: /home/runner/work/websitenew/websitenew/include/functions_ts_ajax_pager.php
[2026-02-07 17:20:56] FIXED: /home/runner/work/websitenew/websitenew/include/functions_browser.php
[2026-02-07 17:20:56] FIXED: /home/runner/work/websitenew/websitenew/include/class_ts_parser.php
[2026-02-07 17:20:56] FIXED: /home/runner/work/websitenew/websitenew/include/ts_functions.php
[2026-02-07 17:20:56] FIXED: /home/runner/work/websitenew/websitenew/include/plugins/loginbox.php
[2026-02-07 17:20:56] FIXED: /home/runner/work/websitenew/websitenew/include/plugins/seedersneeded.php
[2026-02-07 17:20:56] FIXED: /home/runner/work/websitenew/websitenew/include/plugins/stats.php
[2026-02-07 17:20:56] FIXED: /home/runner/work/websitenew/websitenew/include/plugins/mostsnatchedtorrents.php
[2026-02-07 17:20:56] FIXED: /home/runner/work/websitenew/websitenew/include/plugins/donations.php
[2026-02-07 17:20:56] FIXED: /home/runner/work/websitenew/websitenew/include/plugins/tspoll.php
[2026-02-07 17:20:56] FIXED: /home/runner/work/websitenew/websitenew/include/plugins/whatsgoinon.php
[2026-02-07 17:20:56] FIXED: /home/runner/work/websitenew/websitenew/include/plugins/uptime.php
[2026-02-07 17:20:56] FIXED: /home/runner/work/websitenew/websitenew/include/plugins/todayactiveusers.php
[2026-02-07 17:20:56] FIXED: /home/runner/work/websitenew/websitenew/include/plugins/disclaimer.php
[2026-02-07 17:20:56] FIXED: /home/runner/work/websitenew/websitenew/include/plugins/calendar.php
[2026-02-07 17:20:56] FIXED: /home/runner/work/websitenew/websitenew/include/plugins/specialtorrents.php
[2026-02-07 17:20:56] FIXED: /home/runner/work/websitenew/websitenew/include/plugins/mostvisitedusers.php
[2026-02-07 17:20:56] FIXED: /home/runner/work/websitenew/websitenew/include/plugins/latesttorrents.php
[2026-02-07 17:20:56] FIXED: /home/runner/work/websitenew/websitenew/include/plugins/latestthreads.php
[2026-02-07 17:20:56] FIXED: /home/runner/work/websitenew/websitenew/include/plugins/news.php
[2026-02-07 17:20:56] FIXED: /home/runner/work/websitenew/websitenew/include/plugins/shoutbox.php
[2026-02-07 17:20:56] FIXED: /home/runner/work/websitenew/websitenew/include/plugins/tags.php
[2026-02-07 17:20:56] FIXED: /home/runner/work/websitenew/websitenew/include/plugins/latesttorrentsVIP.php
[2026-02-07 17:20:56] FIXED: /home/runner/work/websitenew/websitenew/include/plugins/mostrequestedtorrents.php
[2026-02-07 17:20:56] FIXED: /home/runner/work/websitenew/websitenew/include/ts_cache.php
[2026-02-07 17:20:56] FIXED: /home/runner/work/websitenew/websitenew/include/functions_message.php
[2026-02-07 17:20:56] FIXED: /home/runner/work/websitenew/websitenew/include/functions_pm.php
[2026-02-07 17:20:56] FIXED: /home/runner/work/websitenew/websitenew/include/function_warnlevel.php
[2026-02-07 17:20:56] FIXED: /home/runner/work/websitenew/websitenew/include/functions_timezone.php
[2026-02-07 17:20:56] FIXED: /home/runner/work/websitenew/websitenew/include/commenttable.php
[2026-02-07 17:20:56] FIXED: /home/runner/work/websitenew/websitenew/include/functions_ajax_chatbot.php
[2026-02-07 17:20:56] FIXED: /home/runner/work/websitenew/websitenew/include/functions_xbt_table.php
[2026-02-07 17:20:56] FIXED: /home/runner/work/websitenew/websitenew/include/class_language.php
[2026-02-07 17:20:56] FIXED: /home/runner/work/websitenew/websitenew/include/functions_filelist.php
[2026-02-07 17:20:56] FIXED: /home/runner/work/websitenew/websitenew/include/functions_get_file_icon.php
[2026-02-07 17:20:56] FIXED: /home/runner/work/websitenew/websitenew/include/functions_cache.php
[2026-02-07 17:20:56] FIXED: /home/runner/work/websitenew/websitenew/include/class_tsquickbbcodeeditor.php
[2026-02-07 17:20:56] FIXED: /home/runner/work/websitenew/websitenew/include/functions_tsseo.php
[2026-02-07 17:20:56] FIXED: /home/runner/work/websitenew/websitenew/include/functions_ts_remote_connect.php
[2026-02-07 17:20:56] FIXED: /home/runner/work/websitenew/websitenew/include/class_ts_template.php
[2026-02-07 17:20:56] FIXED: /home/runner/work/websitenew/websitenew/include/ts_external_scrape/ts_external.php
[2026-02-07 17:20:56] FIXED: /home/runner/work/websitenew/websitenew/include/ts_external_scrape/tscraper.php
[2026-02-07 17:20:56] FIXED: /home/runner/work/websitenew/websitenew/include/ts_external_scrape/ts_update.php
[2026-02-07 17:20:56] FIXED: /home/runner/work/websitenew/websitenew/include/proxydetector.php
[2026-02-07 17:20:56] FIXED: /home/runner/work/websitenew/websitenew/include/cron/xbt_delete_empty_torrents.php
[2026-02-07 17:20:56] FIXED: /home/runner/work/websitenew/websitenew/include/cron/update_peers.php
[2026-02-07 17:20:56] FIXED: /home/runner/work/websitenew/websitenew/include/cron/freeleech_xbt.php
[2026-02-07 17:20:56] FIXED: /home/runner/work/websitenew/websitenew/include/cron/promotions.php
[2026-02-07 17:20:56] FIXED: /home/runner/work/websitenew/websitenew/include/cron/update_torrents.php
[2026-02-07 17:20:56] FIXED: /home/runner/work/websitenew/websitenew/include/cron/delete_messages.php
[2026-02-07 17:20:56] FIXED: /home/runner/work/websitenew/websitenew/include/cron/hourly_cleanups.php
[2026-02-07 17:20:56] FIXED: /home/runner/work/websitenew/websitenew/include/cron/rssposter.php
[2026-02-07 17:20:56] FIXED: /home/runner/work/websitenew/websitenew/include/cron/freeleech_per_gb.php
[2026-02-07 17:20:56] FIXED: /home/runner/work/websitenew/websitenew/include/cron/weekly_cleanups.php
[2026-02-07 17:20:56] FIXED: /home/runner/work/websitenew/websitenew/include/cron/uploader_inactivity.php
[2026-02-07 17:20:56] FIXED: /home/runner/work/websitenew/websitenew/include/cron/daily_cleanups.php
[2026-02-07 17:20:56] FIXED: /home/runner/work/websitenew/websitenew/include/cron/delete_torrents.php
[2026-02-07 17:20:56] FIXED: /home/runner/work/websitenew/websitenew/include/functions_EmailBanned.php
[2026-02-07 17:20:56] FIXED: /home/runner/work/websitenew/websitenew/include/functions_external.php
[2026-02-07 17:20:56] FIXED: /home/runner/work/websitenew/websitenew/include/functions_cache2.php
[2026-02-07 17:20:56] FIXED: /home/runner/work/websitenew/websitenew/include/editor.php
[2026-02-07 17:20:56] FIXED: /home/runner/work/websitenew/websitenew/include/function_user_rank.php
[2026-02-07 17:20:56] FIXED: /home/runner/work/websitenew/websitenew/include/functions_category2.php
[2026-02-07 17:20:56] FIXED: /home/runner/work/websitenew/websitenew/include/init.php
[2026-02-07 17:20:56] FIXED: /home/runner/work/websitenew/websitenew/include/templates/default/footer.php
[2026-02-07 17:20:56] FIXED: /home/runner/work/websitenew/websitenew/include/templates/default/header.php
[2026-02-07 17:20:56] FIXED: /home/runner/work/websitenew/websitenew/include/functions_details.php
[2026-02-07 17:20:56] FIXED: /home/runner/work/websitenew/websitenew/scrape.php
[2026-02-07 17:20:56] FIXED: /home/runner/work/websitenew/websitenew/ts_ajax2.php
[2026-02-07 17:20:56] FIXED: /home/runner/work/websitenew/websitenew/userhistory.php
[2026-02-07 17:20:56] FIXED: /home/runner/work/websitenew/websitenew/faq.php
[2026-02-07 17:20:56] FIXED: /home/runner/work/websitenew/websitenew/port_check.php
[2026-02-07 17:20:56] FIXED: /home/runner/work/websitenew/websitenew/clear_ann.php
[2026-02-07 17:20:56] FIXED: /home/runner/work/websitenew/websitenew/transfer.php
[2026-02-07 17:20:56] FIXED: /home/runner/work/websitenew/websitenew/signup.php
[2026-02-07 17:20:56] FIXED: /home/runner/work/websitenew/websitenew/comment.php
[2026-02-07 17:20:56] 
=== De-obfuscation Complete ===
[2026-02-07 17:20:56] Files processed: 732
[2026-02-07 17:20:56] Files modified: 405
[2026-02-07 17:20:56] Syntax fixes: 35225
[2026-02-07 17:20:56] Function renames: 0
[2026-02-07 17:20:56] Variable renames: 0
[2026-02-07 17:20:56] Base64 decodes: 4
[2026-02-07 17:20:56] Statistics saved to: /home/runner/work/websitenew/websitenew/deobfuscation_stats.txt
